Role: HOSPITAL	UserName: hosp1000-1	UserID: 445001	Password: 4dfb34d5	AuthIDs [1000]
Role: HOSPITAL	UserName: hosp1000-2	UserID: 445002	Password: 9defe444	AuthIDs [1000]
Role: HOSPITAL	UserName: hosp1001-1	UserID: 445003	Password: 3b1e9bde	AuthIDs [1001]
Role: HOSPITAL	UserName: hosp1001-2	UserID: 445004	Password: c96c6e17	AuthIDs [1001]
Role: HOSPITAL	UserName: hosp1002-1	UserID: 445005	Password: 7313c6e1	AuthIDs [1002]
Role: HOSPITAL	UserName: hosp1002-2	UserID: 445006	Password: 64cda5a2	AuthIDs [1002]
Role: HOSPITAL	UserName: hosp1003-1	UserID: 445007	Password: 2c2c3894	AuthIDs [1003]
Role: HOSPITAL	UserName: hosp1003-2	UserID: 445008	Password: 78fb2579	AuthIDs [1003]
Role: HOSPITAL	UserName: hosp1004-1	UserID: 445009	Password: 34c68531	AuthIDs [1004]
Role: HOSPITAL	UserName: hosp1004-2	UserID: 445010	Password: 287017ae	AuthIDs [1004]
Role: HOSPITAL	UserName: hosp1005-1	UserID: 445011	Password: 0fd74ab6	AuthIDs [1005]
Role: HOSPITAL	UserName: hosp1005-2	UserID: 445012	Password: 3b4699ae	AuthIDs [1005]
Role: HOSPITAL	UserName: hosp1006-1	UserID: 445013	Password: 2b7a0a92	AuthIDs [1006]
Role: HOSPITAL	UserName: hosp1006-2	UserID: 445014	Password: 60ddd6e3	AuthIDs [1006]
Role: HOSPITAL	UserName: hosp1007-1	UserID: 445015	Password: 33b31d66	AuthIDs [1007]
Role: HOSPITAL	UserName: hosp1007-2	UserID: 445016	Password: 0b55460d	AuthIDs [1007]
Role: HOSPITAL	UserName: hosp2000-1	UserID: 445017	Password: 0206e441	AuthIDs [2000]
Role: HOSPITAL	UserName: hosp2000-2	UserID: 445018	Password: 6503ff2e	AuthIDs [2000]
Role: HOSPITAL	UserName: hosp2001-1	UserID: 445019	Password: 709e3490	AuthIDs [2001]
Role: HOSPITAL	UserName: hosp2001-2	UserID: 445020	Password: 63043653	AuthIDs [2001]
Role: HOSPITAL	UserName: hosp2002-1	UserID: 445021	Password: 6f66127a	AuthIDs [2002]
Role: HOSPITAL	UserName: hosp2002-2	UserID: 445022	Password: 32b3c6b9	AuthIDs [2002]
Role: HOSPITAL	UserName: hosp2004-1	UserID: 445023	Password: 0f9771ca	AuthIDs [2004]
Role: HOSPITAL	UserName: hosp2004-2	UserID: 445024	Password: 8f01f899	AuthIDs [2004]
Role: HOSPITAL	UserName: hosp2003-1	UserID: 445025	Password: 52dc4631	AuthIDs [2003]
Role: HOSPITAL	UserName: hosp2003-2	UserID: 445026	Password: 538aefaa	AuthIDs [2003]
Role: HOSPITAL	UserName: hosp2005-1	UserID: 445027	Password: 731df93d	AuthIDs [2005]
Role: HOSPITAL	UserName: hosp2005-2	UserID: 445028	Password: 1bb456b5	AuthIDs [2005]
Role: HOSPITAL	UserName: hosp3000-1	UserID: 445029	Password: 265feab1	AuthIDs [3000]
Role: HOSPITAL	UserName: hosp3000-2	UserID: 445030	Password: cab27da9	AuthIDs [3000]
Role: HOSPITAL	UserName: hosp3001-1	UserID: 445031	Password: a9e4d7b9	AuthIDs [3001]
Role: HOSPITAL	UserName: hosp3001-2	UserID: 445032	Password: 3c53d805	AuthIDs [3001]
Role: HOSPITAL	UserName: hosp4000-1	UserID: 445033	Password: bcfd6e3d	AuthIDs [4000]
Role: HOSPITAL	UserName: hosp4000-2	UserID: 445034	Password: 082c7e7c	AuthIDs [4000]
Role: HOSPITAL	UserName: hosp5000-1	UserID: 445035	Password: dccff361	AuthIDs [5000]
Role: HOSPITAL	UserName: hosp5000-2	UserID: 445036	Password: 6a6f9bcf	AuthIDs [5000]
Role: HOSPITAL	UserName: hosp5001-1	UserID: 445037	Password: a003d286	AuthIDs [5001]
Role: HOSPITAL	UserName: hosp5001-2	UserID: 445038	Password: 214ec5c5	AuthIDs [5001]
Role: HOSPITAL	UserName: hosp6000-1	UserID: 445039	Password: 8eb8b2c6	AuthIDs [6000]
Role: HOSPITAL	UserName: hosp6000-2	UserID: 445040	Password: db8e5c9e	AuthIDs [6000]
Role: HOSPITAL	UserName: hosp6001-1	UserID: 445041	Password: dd8d3a91	AuthIDs [6001]
Role: HOSPITAL	UserName: hosp6001-2	UserID: 445042	Password: 05e4da77	AuthIDs [6001]
Role: HOSPITAL	UserName: hosp6002-1	UserID: 445043	Password: 9476571f	AuthIDs [6002]
Role: HOSPITAL	UserName: hosp6002-2	UserID: 445044	Password: 26a7e652	AuthIDs [6002]
Role: HOSPITAL	UserName: hosp6003-1	UserID: 445045	Password: 948500f9	AuthIDs [6003]
Role: HOSPITAL	UserName: hosp6003-2	UserID: 445046	Password: 53e5cf40	AuthIDs [6003]
Role: HOSPITAL	UserName: hosp6004-1	UserID: 445047	Password: d8a80466	AuthIDs [6004]
Role: HOSPITAL	UserName: hosp6004-2	UserID: 445048	Password: d6c3c5b8	AuthIDs [6004]
Role: HOSPITAL	UserName: hosp6005-1	UserID: 445049	Password: 354a1988	AuthIDs [6005]
Role: HOSPITAL	UserName: hosp6005-2	UserID: 445050	Password: 4e375608	AuthIDs [6005]
Role: HOSPITAL	UserName: hosp6006-1	UserID: 445051	Password: 8e13062b	AuthIDs [6006]
Role: HOSPITAL	UserName: hosp6006-2	UserID: 445052	Password: ac017b85	AuthIDs [6006]
Role: HOSPITAL	UserName: hosp6007-1	UserID: 445053	Password: cbb4ccd8	AuthIDs [6007]
Role: HOSPITAL	UserName: hosp6007-2	UserID: 445054	Password: 92dca5bf	AuthIDs [6007]
Role: HOSPITAL	UserName: hosp6008-1	UserID: 445055	Password: 6ef4cddc	AuthIDs [6008]
Role: HOSPITAL	UserName: hosp6008-2	UserID: 445056	Password: dc1e0539	AuthIDs [6008]
Role: HOSPITAL	UserName: hosp6009-1	UserID: 445057	Password: b7b4c51f	AuthIDs [6009]
Role: HOSPITAL	UserName: hosp6009-2	UserID: 445058	Password: d47c1d4d	AuthIDs [6009]
Role: HOSPITAL	UserName: hosp6010-1	UserID: 445059	Password: 25ebff30	AuthIDs [6010]
Role: HOSPITAL	UserName: hosp6010-2	UserID: 445060	Password: 5a9d3943	AuthIDs [6010]
Role: HOSPITAL	UserName: hosp7000-1	UserID: 445061	Password: 52a8be06	AuthIDs [7000]
Role: HOSPITAL	UserName: hosp7000-2	UserID: 445062	Password: 07df5627	AuthIDs [7000]
Role: HOSPITAL	UserName: hosp7001-1	UserID: 445063	Password: 11526778	AuthIDs [7001]
Role: HOSPITAL	UserName: hosp7001-2	UserID: 445064	Password: f7da642a	AuthIDs [7001]
Role: HOSPITAL	UserName: hosp7002-1	UserID: 445065	Password: 0f7b0370	AuthIDs [7002]
Role: HOSPITAL	UserName: hosp7002-2	UserID: 445066	Password: 374dd631	AuthIDs [7002]
Role: HOSPITAL	UserName: hosp7003-1	UserID: 445067	Password: 1f46abc6	AuthIDs [7003]
Role: HOSPITAL	UserName: hosp7003-2	UserID: 445068	Password: 3180dc09	AuthIDs [7003]
Role: EMS	UserName: ems1-1	UserID: 445069	Password: b7d9b709	AuthIDs [1230001]
Role: EMS	UserName: ems1-2	UserID: 445070	Password: 0e2af984	AuthIDs [1230001]
Role: AMBULANCE	UserName: amb1-1	UserID: 445071	Password: 98334390	AuthIDs [50001,50002,50003,50004,50005]
Role: AMBULANCE	UserName: amb1-2	UserID: 445072	Password: 70829117	AuthIDs [50001,50002,50003,50004,50005]
Role: AMBULANCE	UserName: amb1-3	UserID: 445073	Password: 95262161	AuthIDs [50001,50002,50003,50004,50005]
Role: AMBULANCE	UserName: amb1-4	UserID: 445074	Password: 46424934	AuthIDs [50001,50002,50003,50004,50005]
Role: AMBULANCE	UserName: amb1-5	UserID: 445075	Password: 51182511	AuthIDs [50001,50002,50003,50004,50005]
Role: AMBULANCE	UserName: amb1-6	UserID: 445076	Password: 49990642	AuthIDs [50001,50002,50003,50004,50005]
Role: AMBULANCE	UserName: amb1-7	UserID: 445077	Password: 25342655	AuthIDs [50001,50002,50003,50004,50005]
Role: EMS	UserName: ems2-1	UserID: 445078	Password: 4cd0af66	AuthIDs [1230002]
Role: EMS	UserName: ems2-2	UserID: 445079	Password: 1428ce75	AuthIDs [1230002]
Role: AMBULANCE	UserName: amb2-1	UserID: 445080	Password: 57582191	AuthIDs [50006,50007,50008,50009,50010]
Role: AMBULANCE	UserName: amb2-2	UserID: 445081	Password: 10848707	AuthIDs [50006,50007,50008,50009,50010]
Role: AMBULANCE	UserName: amb2-3	UserID: 445082	Password: 04894489	AuthIDs [50006,50007,50008,50009,50010]
Role: AMBULANCE	UserName: amb2-4	UserID: 445083	Password: 12134526	AuthIDs [50006,50007,50008,50009,50010]
Role: AMBULANCE	UserName: amb2-5	UserID: 445084	Password: 99764418	AuthIDs [50006,50007,50008,50009,50010]
Role: AMBULANCE	UserName: amb2-6	UserID: 445085	Password: 45649565	AuthIDs [50006,50007,50008,50009,50010]
Role: AMBULANCE	UserName: amb2-7	UserID: 445086	Password: 96260691	AuthIDs [50006,50007,50008,50009,50010]
Role: EMS	UserName: ems3-1	UserID: 445087	Password: 9322189e	AuthIDs [1230003]
Role: EMS	UserName: ems3-2	UserID: 445088	Password: a6de4f54	AuthIDs [1230003]
Role: AMBULANCE	UserName: amb3-1	UserID: 445089	Password: 42669456	AuthIDs [50011,50012]
Role: AMBULANCE	UserName: amb3-2	UserID: 445090	Password: 61974859	AuthIDs [50011,50012]
Role: AMBULANCE	UserName: amb3-3	UserID: 445091	Password: 65655607	AuthIDs [50011,50012]
Role: AMBULANCE	UserName: amb3-4	UserID: 445092	Password: 56749043	AuthIDs [50011,50012]
Role: EMS	UserName: ems4-1	UserID: 445093	Password: dffd305d	AuthIDs [1230004]
Role: EMS	UserName: ems4-2	UserID: 445094	Password: 2d590149	AuthIDs [1230004]
Role: AMBULANCE	UserName: amb4-1	UserID: 445095	Password: 11901442	AuthIDs [50013,50014]
Role: AMBULANCE	UserName: amb4-2	UserID: 445096	Password: 94633428	AuthIDs [50013,50014]
Role: AMBULANCE	UserName: amb4-3	UserID: 445097	Password: 32216608	AuthIDs [50013,50014]
Role: AMBULANCE	UserName: amb4-4	UserID: 445098	Password: 89546443	AuthIDs [50013,50014]
Role: EMS	UserName: ems5-1	UserID: 445099	Password: a367a5c7	AuthIDs [1230005]
Role: EMS	UserName: ems5-2	UserID: 445100	Password: ea080ced	AuthIDs [1230005]
Role: AMBULANCE	UserName: amb5-1	UserID: 445101	Password: 96278505	AuthIDs [50015]
Role: AMBULANCE	UserName: amb5-2	UserID: 445102	Password: 94635038	AuthIDs [50015]
Role: AMBULANCE	UserName: amb5-3	UserID: 445103	Password: 49140618	AuthIDs [50015]
Role: EMS	UserName: ems6-1	UserID: 445104	Password: 8b86aca9	AuthIDs [1230006]
Role: EMS	UserName: ems6-2	UserID: 445105	Password: 7e564c26	AuthIDs [1230006]
Role: AMBULANCE	UserName: amb6-1	UserID: 445106	Password: 73027773	AuthIDs [50016]
Role: AMBULANCE	UserName: amb6-2	UserID: 445107	Password: 90752299	AuthIDs [50016]
Role: AMBULANCE	UserName: amb6-3	UserID: 445108	Password: 93493585	AuthIDs [50016]
Role: EMS	UserName: ems7-1	UserID: 445109	Password: 7c1e5601	AuthIDs [1230007]
Role: EMS	UserName: ems7-2	UserID: 445110	Password: 9c44c03f	AuthIDs [1230007]
Role: AMBULANCE	UserName: amb7-1	UserID: 445111	Password: 07301461	AuthIDs [50017,50018,50019,50020,50021]
Role: AMBULANCE	UserName: amb7-2	UserID: 445112	Password: 47495664	AuthIDs [50017,50018,50019,50020,50021]
Role: AMBULANCE	UserName: amb7-3	UserID: 445113	Password: 38469426	AuthIDs [50017,50018,50019,50020,50021]
Role: AMBULANCE	UserName: amb7-4	UserID: 445114	Password: 62193714	AuthIDs [50017,50018,50019,50020,50021]
Role: AMBULANCE	UserName: amb7-5	UserID: 445115	Password: 44382854	AuthIDs [50017,50018,50019,50020,50021]
Role: AMBULANCE	UserName: amb7-6	UserID: 445116	Password: 06505234	AuthIDs [50017,50018,50019,50020,50021]
Role: AMBULANCE	UserName: amb7-7	UserID: 445117	Password: 27570626	AuthIDs [50017,50018,50019,50020,50021]
Role: EMS	UserName: ems8-1	UserID: 445118	Password: 507ec473	AuthIDs [1230008]
Role: EMS	UserName: ems8-2	UserID: 445119	Password: 97b3e38a	AuthIDs [1230008]
Role: AMBULANCE	UserName: amb8-1	UserID: 445120	Password: 13538001	AuthIDs [50022]
Role: AMBULANCE	UserName: amb8-2	UserID: 445121	Password: 26092308	AuthIDs [50022]
Role: AMBULANCE	UserName: amb8-3	UserID: 445122	Password: 65530272	AuthIDs [50022]
Role: EMS	UserName: ems9-1	UserID: 445123	Password: 9fcabdab	AuthIDs [1230009]
Role: EMS	UserName: ems9-2	UserID: 445124	Password: dabaf634	AuthIDs [1230009]
Role: AMBULANCE	UserName: amb9-1	UserID: 445125	Password: 90671823	AuthIDs [50023]
Role: AMBULANCE	UserName: amb9-2	UserID: 445126	Password: 62201409	AuthIDs [50023]
Role: AMBULANCE	UserName: amb9-3	UserID: 445127	Password: 55376652	AuthIDs [50023]
Role: EMS	UserName: ems10-1	UserID: 445128	Password: 434db4b8	AuthIDs [1230010]
Role: EMS	UserName: ems10-2	UserID: 445129	Password: e0634be2	AuthIDs [1230010]
Role: AMBULANCE	UserName: amb10-1	UserID: 445130	Password: 38272274	AuthIDs [50024]
Role: AMBULANCE	UserName: amb10-2	UserID: 445131	Password: 25006858	AuthIDs [50024]
Role: AMBULANCE	UserName: amb10-3	UserID: 445132	Password: 22457679	AuthIDs [50024]
Role: EMS	UserName: ems11-1	UserID: 445133	Password: 0348e603	AuthIDs [1230011]
Role: EMS	UserName: ems11-2	UserID: 445134	Password: d6fe4c65	AuthIDs [1230011]
Role: AMBULANCE	UserName: amb11-1	UserID: 445135	Password: 47538747	AuthIDs [50025]
Role: AMBULANCE	UserName: amb11-2	UserID: 445136	Password: 88664644	AuthIDs [50025]
Role: AMBULANCE	UserName: amb11-3	UserID: 445137	Password: 67666639	AuthIDs [50025]
Role: EMS	UserName: ems12-1	UserID: 445138	Password: c162c300	AuthIDs [1230012]
Role: EMS	UserName: ems12-2	UserID: 445139	Password: 7ef5e4d2	AuthIDs [1230012]
Role: AMBULANCE	UserName: amb12-1	UserID: 445140	Password: 25510848	AuthIDs [50026]
Role: AMBULANCE	UserName: amb12-2	UserID: 445141	Password: 02197236	AuthIDs [50026]
Role: AMBULANCE	UserName: amb12-3	UserID: 445142	Password: 73917677	AuthIDs [50026]
Role: EMS	UserName: ems13-1	UserID: 445143	Password: 1446cd6f	AuthIDs [1230013]
Role: EMS	UserName: ems13-2	UserID: 445144	Password: bf84bbed	AuthIDs [1230013]
Role: AMBULANCE	UserName: amb13-1	UserID: 445145	Password: 81509798	AuthIDs [50027]
Role: AMBULANCE	UserName: amb13-2	UserID: 445146	Password: 42496291	AuthIDs [50027]
Role: AMBULANCE	UserName: amb13-3	UserID: 445147	Password: 18037261	AuthIDs [50027]
Role: EMS	UserName: ems14-1	UserID: 445148	Password: b7d56165	AuthIDs [1230014]
Role: EMS	UserName: ems14-2	UserID: 445149	Password: cc14e1f2	AuthIDs [1230014]
Role: AMBULANCE	UserName: amb14-1	UserID: 445150	Password: 94614831	AuthIDs [50028]
Role: AMBULANCE	UserName: amb14-2	UserID: 445151	Password: 92826159	AuthIDs [50028]
Role: AMBULANCE	UserName: amb14-3	UserID: 445152	Password: 20491888	AuthIDs [50028]
Role: EMS	UserName: ems15-1	UserID: 445153	Password: 3aed3c73	AuthIDs [1230015]
Role: EMS	UserName: ems15-2	UserID: 445154	Password: 38d198c5	AuthIDs [1230015]
Role: AMBULANCE	UserName: amb15-1	UserID: 445155	Password: 78648236	AuthIDs [50029]
Role: AMBULANCE	UserName: amb15-2	UserID: 445156	Password: 86220963	AuthIDs [50029]
Role: AMBULANCE	UserName: amb15-3	UserID: 445157	Password: 66763617	AuthIDs [50029]
Role: EMS	UserName: ems16-1	UserID: 445158	Password: d57ebc97	AuthIDs [1230016]
Role: EMS	UserName: ems16-2	UserID: 445159	Password: c687b6c3	AuthIDs [1230016]
Role: AMBULANCE	UserName: amb16-1	UserID: 445160	Password: 87237285	AuthIDs [50030]
Role: AMBULANCE	UserName: amb16-2	UserID: 445161	Password: 84174382	AuthIDs [50030]
Role: AMBULANCE	UserName: amb16-3	UserID: 445162	Password: 94782776	AuthIDs [50030]
Role: EMS	UserName: ems17-1	UserID: 445163	Password: 1ee27de8	AuthIDs [1230017]
Role: EMS	UserName: ems17-2	UserID: 445164	Password: 3c600588	AuthIDs [1230017]
Role: AMBULANCE	UserName: amb17-1	UserID: 445165	Password: 03271627	AuthIDs [50031]
Role: AMBULANCE	UserName: amb17-2	UserID: 445166	Password: 87845081	AuthIDs [50031]
Role: AMBULANCE	UserName: amb17-3	UserID: 445167	Password: 36507659	AuthIDs [50031]
Role: EMS	UserName: ems18-1	UserID: 445168	Password: baf7130e	AuthIDs [1230018]
Role: EMS	UserName: ems18-2	UserID: 445169	Password: 548ff220	AuthIDs [1230018]
Role: AMBULANCE	UserName: amb18-1	UserID: 445170	Password: 02356292	AuthIDs [50032,50033]
Role: AMBULANCE	UserName: amb18-2	UserID: 445171	Password: 19551899	AuthIDs [50032,50033]
Role: AMBULANCE	UserName: amb18-3	UserID: 445172	Password: 82334116	AuthIDs [50032,50033]
Role: AMBULANCE	UserName: amb18-4	UserID: 445173	Password: 62742507	AuthIDs [50032,50033]
Role: EMS	UserName: ems19-1	UserID: 445174	Password: 6ae6cbdb	AuthIDs [1230019]
Role: EMS	UserName: ems19-2	UserID: 445175	Password: 53e7cc97	AuthIDs [1230019]
Role: AMBULANCE	UserName: amb19-1	UserID: 445176	Password: 05660142	AuthIDs [50034,50035]
Role: AMBULANCE	UserName: amb19-2	UserID: 445177	Password: 03970501	AuthIDs [50034,50035]
Role: AMBULANCE	UserName: amb19-3	UserID: 445178	Password: 50581679	AuthIDs [50034,50035]
Role: AMBULANCE	UserName: amb19-4	UserID: 445179	Password: 02736824	AuthIDs [50034,50035]
Role: EMS	UserName: ems20-1	UserID: 445180	Password: e1335a29	AuthIDs [1230020]
Role: EMS	UserName: ems20-2	UserID: 445181	Password: 9fc53019	AuthIDs [1230020]
Role: AMBULANCE	UserName: amb20-1	UserID: 445182	Password: 51583085	AuthIDs [50036]
Role: AMBULANCE	UserName: amb20-2	UserID: 445183	Password: 58685546	AuthIDs [50036]
Role: AMBULANCE	UserName: amb20-3	UserID: 445184	Password: 98114167	AuthIDs [50036]
Role: EMS	UserName: ems21-1	UserID: 445185	Password: 3cee8ec3	AuthIDs [1230021]
Role: EMS	UserName: ems21-2	UserID: 445186	Password: 9a7a62c1	AuthIDs [1230021]
Role: AMBULANCE	UserName: amb21-1	UserID: 445187	Password: 42311483	AuthIDs [50037]
Role: AMBULANCE	UserName: amb21-2	UserID: 445188	Password: 77043866	AuthIDs [50037]
Role: AMBULANCE	UserName: amb21-3	UserID: 445189	Password: 32275044	AuthIDs [50037]
Role: EMS	UserName: ems22-1	UserID: 445190	Password: 8780e3e5	AuthIDs [1230022]
Role: EMS	UserName: ems22-2	UserID: 445191	Password: 7943d3e2	AuthIDs [1230022]
Role: AMBULANCE	UserName: amb22-1	UserID: 445192	Password: 65421484	AuthIDs [50038]
Role: AMBULANCE	UserName: amb22-2	UserID: 445193	Password: 01322377	AuthIDs [50038]
Role: AMBULANCE	UserName: amb22-3	UserID: 445194	Password: 52725788	AuthIDs [50038]
Role: EMS	UserName: ems23-1	UserID: 445195	Password: fbb84d91	AuthIDs [1230023]
Role: EMS	UserName: ems23-2	UserID: 445196	Password: 73133999	AuthIDs [1230023]
Role: AMBULANCE	UserName: amb23-1	UserID: 445197	Password: 85972362	AuthIDs [50039,50040]
Role: AMBULANCE	UserName: amb23-2	UserID: 445198	Password: 34468812	AuthIDs [50039,50040]
Role: AMBULANCE	UserName: amb23-3	UserID: 445199	Password: 66548133	AuthIDs [50039,50040]
Role: AMBULANCE	UserName: amb23-4	UserID: 445200	Password: 82845237	AuthIDs [50039,50040]
Role: EMS	UserName: ems24-1	UserID: 445201	Password: ce1310cf	AuthIDs [1230024]
Role: EMS	UserName: ems24-2	UserID: 445202	Password: cb9f3ef9	AuthIDs [1230024]
Role: AMBULANCE	UserName: amb24-1	UserID: 445203	Password: 82826480	AuthIDs [50041]
Role: AMBULANCE	UserName: amb24-2	UserID: 445204	Password: 80558627	AuthIDs [50041]
Role: AMBULANCE	UserName: amb24-3	UserID: 445205	Password: 06168331	AuthIDs [50041]
Role: EMS	UserName: ems25-1	UserID: 445206	Password: 158ec8d0	AuthIDs [1230025]
Role: EMS	UserName: ems25-2	UserID: 445207	Password: d3582c09	AuthIDs [1230025]
Role: AMBULANCE	UserName: amb25-1	UserID: 445208	Password: 12845277	AuthIDs [50042]
Role: AMBULANCE	UserName: amb25-2	UserID: 445209	Password: 10333118	AuthIDs [50042]
Role: AMBULANCE	UserName: amb25-3	UserID: 445210	Password: 94334924	AuthIDs [50042]
Role: EMS	UserName: ems26-1	UserID: 445211	Password: f8dda051	AuthIDs [1230026]
Role: EMS	UserName: ems26-2	UserID: 445212	Password: 6fa2b501	AuthIDs [1230026]
Role: AMBULANCE	UserName: amb26-1	UserID: 445213	Password: 65603109	AuthIDs [50043]
Role: AMBULANCE	UserName: amb26-2	UserID: 445214	Password: 66628289	AuthIDs [50043]
Role: AMBULANCE	UserName: amb26-3	UserID: 445215	Password: 17823207	AuthIDs [50043]
Role: EMS	UserName: ems27-1	UserID: 445216	Password: b9f20443	AuthIDs [1230027]
Role: EMS	UserName: ems27-2	UserID: 445217	Password: eac2dc83	AuthIDs [1230027]
Role: AMBULANCE	UserName: amb27-1	UserID: 445218	Password: 25696255	AuthIDs [50044]
Role: AMBULANCE	UserName: amb27-2	UserID: 445219	Password: 92671801	AuthIDs [50044]
Role: AMBULANCE	UserName: amb27-3	UserID: 445220	Password: 28374112	AuthIDs [50044]
Role: EMS	UserName: ems28-1	UserID: 445221	Password: 0b232e0c	AuthIDs [1230028]
Role: EMS	UserName: ems28-2	UserID: 445222	Password: de8501c2	AuthIDs [1230028]
Role: AMBULANCE	UserName: amb28-1	UserID: 445223	Password: 71331325	AuthIDs [50045]
Role: AMBULANCE	UserName: amb28-2	UserID: 445224	Password: 95648998	AuthIDs [50045]
Role: AMBULANCE	UserName: amb28-3	UserID: 445225	Password: 11919950	AuthIDs [50045]
Role: EMS	UserName: ems29-1	UserID: 445226	Password: d44929de	AuthIDs [1230029]
Role: EMS	UserName: ems29-2	UserID: 445227	Password: 30d98529	AuthIDs [1230029]
Role: AMBULANCE	UserName: amb29-1	UserID: 445228	Password: 60751270	AuthIDs [50046]
Role: AMBULANCE	UserName: amb29-2	UserID: 445229	Password: 15910128	AuthIDs [50046]
Role: AMBULANCE	UserName: amb29-3	UserID: 445230	Password: 05735345	AuthIDs [50046]
Role: EMS	UserName: ems30-1	UserID: 445231	Password: 1415786e	AuthIDs [1230030]
Role: EMS	UserName: ems30-2	UserID: 445232	Password: 0275fb53	AuthIDs [1230030]
Role: AMBULANCE	UserName: amb30-1	UserID: 445233	Password: 36155499	AuthIDs [50047]
Role: AMBULANCE	UserName: amb30-2	UserID: 445234	Password: 00758267	AuthIDs [50047]
Role: AMBULANCE	UserName: amb30-3	UserID: 445235	Password: 98831502	AuthIDs [50047]
Role: EMS	UserName: ems31-1	UserID: 445236	Password: e79ccf72	AuthIDs [1230031]
Role: EMS	UserName: ems31-2	UserID: 445237	Password: c5a94a06	AuthIDs [1230031]
Role: AMBULANCE	UserName: amb31-1	UserID: 445238	Password: 04672656	AuthIDs [50048]
Role: AMBULANCE	UserName: amb31-2	UserID: 445239	Password: 41400347	AuthIDs [50048]
Role: AMBULANCE	UserName: amb31-3	UserID: 445240	Password: 58354562	AuthIDs [50048]
Role: EMS	UserName: ems32-1	UserID: 445241	Password: 977c08e8	AuthIDs [1230032]
Role: EMS	UserName: ems32-2	UserID: 445242	Password: 7b116720	AuthIDs [1230032]
Role: AMBULANCE	UserName: amb32-1	UserID: 445243	Password: 23407609	AuthIDs [50049]
Role: AMBULANCE	UserName: amb32-2	UserID: 445244	Password: 26364546	AuthIDs [50049]
Role: AMBULANCE	UserName: amb32-3	UserID: 445245	Password: 36056937	AuthIDs [50049]
Role: EMS	UserName: ems33-1	UserID: 445246	Password: 493f1e6b	AuthIDs [1230033]
Role: EMS	UserName: ems33-2	UserID: 445247	Password: 42ec2c93	AuthIDs [1230033]
Role: AMBULANCE	UserName: amb33-1	UserID: 445248	Password: 80038764	AuthIDs [50050]
Role: AMBULANCE	UserName: amb33-2	UserID: 445249	Password: 77920311	AuthIDs [50050]
Role: AMBULANCE	UserName: amb33-3	UserID: 445250	Password: 75367757	AuthIDs [50050]
Role: EMS	UserName: ems34-1	UserID: 445251	Password: dad8ccb4	AuthIDs [1230034]
Role: EMS	UserName: ems34-2	UserID: 445252	Password: 536a51ac	AuthIDs [1230034]
Role: AMBULANCE	UserName: amb34-1	UserID: 445253	Password: 50691875	AuthIDs [50051]
Role: AMBULANCE	UserName: amb34-2	UserID: 445254	Password: 50667596	AuthIDs [50051]
Role: AMBULANCE	UserName: amb34-3	UserID: 445255	Password: 84931018	AuthIDs [50051]
Role: EMS	UserName: ems35-1	UserID: 445256	Password: 89de5725	AuthIDs [1230035]
Role: EMS	UserName: ems35-2	UserID: 445257	Password: 91ff7ba1	AuthIDs [1230035]
Role: AMBULANCE	UserName: amb35-1	UserID: 445258	Password: 06768457	AuthIDs [50052]
Role: AMBULANCE	UserName: amb35-2	UserID: 445259	Password: 85438522	AuthIDs [50052]
Role: AMBULANCE	UserName: amb35-3	UserID: 445260	Password: 17168689	AuthIDs [50052]
Role: EMS	UserName: ems36-1	UserID: 445261	Password: 3f91b125	AuthIDs [1230036]
Role: EMS	UserName: ems36-2	UserID: 445262	Password: 5440ee48	AuthIDs [1230036]
Role: AMBULANCE	UserName: amb36-1	UserID: 445263	Password: 68229941	AuthIDs [50053]
Role: AMBULANCE	UserName: amb36-2	UserID: 445264	Password: 86828104	AuthIDs [50053]
Role: AMBULANCE	UserName: amb36-3	UserID: 445265	Password: 49239380	AuthIDs [50053]
Role: EMS	UserName: ems37-1	UserID: 445266	Password: 819b82d5	AuthIDs [1230037]
Role: EMS	UserName: ems37-2	UserID: 445267	Password: 018ee5ee	AuthIDs [1230037]
Role: AMBULANCE	UserName: amb37-1	UserID: 445268	Password: 19647974	AuthIDs [50054]
Role: AMBULANCE	UserName: amb37-2	UserID: 445269	Password: 02057900	AuthIDs [50054]
Role: AMBULANCE	UserName: amb37-3	UserID: 445270	Password: 12118269	AuthIDs [50054]
Role: EMS	UserName: ems38-1	UserID: 445271	Password: bfc642ee	AuthIDs [1230038]
Role: EMS	UserName: ems38-2	UserID: 445272	Password: 1c1964d9	AuthIDs [1230038]
Role: AMBULANCE	UserName: amb38-1	UserID: 445273	Password: 19460492	AuthIDs [50055]
Role: AMBULANCE	UserName: amb38-2	UserID: 445274	Password: 92851447	AuthIDs [50055]
Role: AMBULANCE	UserName: amb38-3	UserID: 445275	Password: 94450607	AuthIDs [50055]
Role: EMS	UserName: ems39-1	UserID: 445276	Password: 1d49efca	AuthIDs [1230039]
Role: EMS	UserName: ems39-2	UserID: 445277	Password: 4349bc2f	AuthIDs [1230039]
Role: AMBULANCE	UserName: amb39-1	UserID: 445278	Password: 71211403	AuthIDs [50056]
Role: AMBULANCE	UserName: amb39-2	UserID: 445279	Password: 41713712	AuthIDs [50056]
Role: AMBULANCE	UserName: amb39-3	UserID: 445280	Password: 04343905	AuthIDs [50056]
Role: EMS	UserName: ems40-1	UserID: 445281	Password: f5c60480	AuthIDs [1230040]
Role: EMS	UserName: ems40-2	UserID: 445282	Password: 7ba9c635	AuthIDs [1230040]
Role: AMBULANCE	UserName: amb40-1	UserID: 445283	Password: 59091030	AuthIDs [50057]
Role: AMBULANCE	UserName: amb40-2	UserID: 445284	Password: 53238720	AuthIDs [50057]
Role: AMBULANCE	UserName: amb40-3	UserID: 445285	Password: 82077611	AuthIDs [50057]
Role: EMS	UserName: ems41-1	UserID: 445286	Password: ef386cd7	AuthIDs [1230041]
Role: EMS	UserName: ems41-2	UserID: 445287	Password: 052366dd	AuthIDs [1230041]
Role: AMBULANCE	UserName: amb41-1	UserID: 445288	Password: 38396460	AuthIDs [50058,50059]
Role: AMBULANCE	UserName: amb41-2	UserID: 445289	Password: 79821482	AuthIDs [50058,50059]
Role: AMBULANCE	UserName: amb41-3	UserID: 445290	Password: 79565689	AuthIDs [50058,50059]
Role: AMBULANCE	UserName: amb41-4	UserID: 445291	Password: 06790910	AuthIDs [50058,50059]
Role: EMS	UserName: ems42-1	UserID: 445292	Password: ba61a2bc	AuthIDs [1230042]
Role: EMS	UserName: ems42-2	UserID: 445293	Password: 50fdc8c3	AuthIDs [1230042]
Role: AMBULANCE	UserName: amb42-1	UserID: 445294	Password: 20050791	AuthIDs [50060,50061]
Role: AMBULANCE	UserName: amb42-2	UserID: 445295	Password: 50526555	AuthIDs [50060,50061]
Role: AMBULANCE	UserName: amb42-3	UserID: 445296	Password: 73762659	AuthIDs [50060,50061]
Role: AMBULANCE	UserName: amb42-4	UserID: 445297	Password: 73196038	AuthIDs [50060,50061]
Role: EMS	UserName: ems43-1	UserID: 445298	Password: b2d3502a	AuthIDs [1230043]
Role: EMS	UserName: ems43-2	UserID: 445299	Password: 8aad909d	AuthIDs [1230043]
Role: AMBULANCE	UserName: amb43-1	UserID: 445300	Password: 02656465	AuthIDs [50062,50063]
Role: AMBULANCE	UserName: amb43-2	UserID: 445301	Password: 41698630	AuthIDs [50062,50063]
Role: AMBULANCE	UserName: amb43-3	UserID: 445302	Password: 75960211	AuthIDs [50062,50063]
Role: AMBULANCE	UserName: amb43-4	UserID: 445303	Password: 19553911	AuthIDs [50062,50063]
Role: EMS	UserName: ems44-1	UserID: 445304	Password: 2b3b2013	AuthIDs [1230044]
Role: EMS	UserName: ems44-2	UserID: 445305	Password: 43b3137c	AuthIDs [1230044]
Role: AMBULANCE	UserName: amb44-1	UserID: 445306	Password: 62288359	AuthIDs [50064]
Role: AMBULANCE	UserName: amb44-2	UserID: 445307	Password: 25788652	AuthIDs [50064]
Role: AMBULANCE	UserName: amb44-3	UserID: 445308	Password: 88904174	AuthIDs [50064]
Role: EMS	UserName: ems45-1	UserID: 445309	Password: 7c951c42	AuthIDs [1230045]
Role: EMS	UserName: ems45-2	UserID: 445310	Password: b696da23	AuthIDs [1230045]
Role: AMBULANCE	UserName: amb45-1	UserID: 445311	Password: 85472037	AuthIDs [50065,50066]
Role: AMBULANCE	UserName: amb45-2	UserID: 445312	Password: 01770732	AuthIDs [50065,50066]
Role: AMBULANCE	UserName: amb45-3	UserID: 445313	Password: 48169272	AuthIDs [50065,50066]
Role: AMBULANCE	UserName: amb45-4	UserID: 445314	Password: 24898421	AuthIDs [50065,50066]
Role: EMS	UserName: ems46-1	UserID: 445315	Password: f40a0f8b	AuthIDs [1230046]
Role: EMS	UserName: ems46-2	UserID: 445316	Password: c9ff8027	AuthIDs [1230046]
Role: AMBULANCE	UserName: amb46-1	UserID: 445317	Password: 92466207	AuthIDs [50067,50068]
Role: AMBULANCE	UserName: amb46-2	UserID: 445318	Password: 04860842	AuthIDs [50067,50068]
Role: AMBULANCE	UserName: amb46-3	UserID: 445319	Password: 55767684	AuthIDs [50067,50068]
Role: AMBULANCE	UserName: amb46-4	UserID: 445320	Password: 75675369	AuthIDs [50067,50068]
Role: EMS	UserName: ems47-1	UserID: 445321	Password: cde63313	AuthIDs [1230047]
Role: EMS	UserName: ems47-2	UserID: 445322	Password: 770de114	AuthIDs [1230047]
Role: AMBULANCE	UserName: amb47-1	UserID: 445323	Password: 23391042	AuthIDs [50069,50070,50071]
Role: AMBULANCE	UserName: amb47-2	UserID: 445324	Password: 77072225	AuthIDs [50069,50070,50071]
Role: AMBULANCE	UserName: amb47-3	UserID: 445325	Password: 49395398	AuthIDs [50069,50070,50071]
Role: AMBULANCE	UserName: amb47-4	UserID: 445326	Password: 07295344	AuthIDs [50069,50070,50071]
Role: AMBULANCE	UserName: amb47-5	UserID: 445327	Password: 29461584	AuthIDs [50069,50070,50071]
Role: EMS	UserName: ems48-1	UserID: 445328	Password: 4a9ff72b	AuthIDs [1230048]
Role: EMS	UserName: ems48-2	UserID: 445329	Password: de256b20	AuthIDs [1230048]
Role: AMBULANCE	UserName: amb48-1	UserID: 445330	Password: 56585341	AuthIDs [50072,50073]
Role: AMBULANCE	UserName: amb48-2	UserID: 445331	Password: 25953054	AuthIDs [50072,50073]
Role: AMBULANCE	UserName: amb48-3	UserID: 445332	Password: 05190568	AuthIDs [50072,50073]
Role: AMBULANCE	UserName: amb48-4	UserID: 445333	Password: 30207825	AuthIDs [50072,50073]
Role: EMS	UserName: ems49-1	UserID: 445334	Password: c38d0c45	AuthIDs [1230049]
Role: EMS	UserName: ems49-2	UserID: 445335	Password: e91d15ab	AuthIDs [1230049]
Role: AMBULANCE	UserName: amb49-1	UserID: 445336	Password: 45840073	AuthIDs [50074,50075]
Role: AMBULANCE	UserName: amb49-2	UserID: 445337	Password: 46371837	AuthIDs [50074,50075]
Role: AMBULANCE	UserName: amb49-3	UserID: 445338	Password: 03169124	AuthIDs [50074,50075]
Role: AMBULANCE	UserName: amb49-4	UserID: 445339	Password: 83353435	AuthIDs [50074,50075]
Role: EMS	UserName: ems50-1	UserID: 445340	Password: 3fe67dd2	AuthIDs [1230050]
Role: EMS	UserName: ems50-2	UserID: 445341	Password: 29bb0ffe	AuthIDs [1230050]
Role: AMBULANCE	UserName: amb50-1	UserID: 445342	Password: 36152811	AuthIDs [50076]
Role: AMBULANCE	UserName: amb50-2	UserID: 445343	Password: 26498410	AuthIDs [50076]
Role: AMBULANCE	UserName: amb50-3	UserID: 445344	Password: 27467773	AuthIDs [50076]
Role: EMS	UserName: ems51-1	UserID: 445345	Password: 80410473	AuthIDs [1230051]
Role: EMS	UserName: ems51-2	UserID: 445346	Password: e4bcbe25	AuthIDs [1230051]
Role: AMBULANCE	UserName: amb51-1	UserID: 445347	Password: 41668280	AuthIDs [50077,50078]
Role: AMBULANCE	UserName: amb51-2	UserID: 445348	Password: 01721063	AuthIDs [50077,50078]
Role: AMBULANCE	UserName: amb51-3	UserID: 445349	Password: 57853328	AuthIDs [50077,50078]
Role: AMBULANCE	UserName: amb51-4	UserID: 445350	Password: 02624633	AuthIDs [50077,50078]
Role: EMS	UserName: ems52-1	UserID: 445351	Password: b6b68ad6	AuthIDs [1230052]
Role: EMS	UserName: ems52-2	UserID: 445352	Password: 35d7271e	AuthIDs [1230052]
Role: AMBULANCE	UserName: amb52-1	UserID: 445353	Password: 27647372	AuthIDs [50079]
Role: AMBULANCE	UserName: amb52-2	UserID: 445354	Password: 42029567	AuthIDs [50079]
Role: AMBULANCE	UserName: amb52-3	UserID: 445355	Password: 72237859	AuthIDs [50079]
Role: EMS	UserName: ems53-1	UserID: 445356	Password: 6a26ea57	AuthIDs [1230053]
Role: EMS	UserName: ems53-2	UserID: 445357	Password: 8810bb04	AuthIDs [1230053]
Role: AMBULANCE	UserName: amb53-1	UserID: 445358	Password: 67845057	AuthIDs [50080]
Role: AMBULANCE	UserName: amb53-2	UserID: 445359	Password: 08681335	AuthIDs [50080]
Role: AMBULANCE	UserName: amb53-3	UserID: 445360	Password: 40823110	AuthIDs [50080]
Role: EMS	UserName: ems54-1	UserID: 445361	Password: 04ef0b23	AuthIDs [1230054]
Role: EMS	UserName: ems54-2	UserID: 445362	Password: a0fb997b	AuthIDs [1230054]
Role: AMBULANCE	UserName: amb54-1	UserID: 445363	Password: 08290404	AuthIDs [50081]
Role: AMBULANCE	UserName: amb54-2	UserID: 445364	Password: 76228231	AuthIDs [50081]
Role: AMBULANCE	UserName: amb54-3	UserID: 445365	Password: 41927812	AuthIDs [50081]
Role: EMS	UserName: ems55-1	UserID: 445366	Password: 6b47d461	AuthIDs [1230055]
Role: EMS	UserName: ems55-2	UserID: 445367	Password: 14f06727	AuthIDs [1230055]
Role: AMBULANCE	UserName: amb55-1	UserID: 445368	Password: 34981054	AuthIDs [50082]
Role: AMBULANCE	UserName: amb55-2	UserID: 445369	Password: 46885911	AuthIDs [50082]
Role: AMBULANCE	UserName: amb55-3	UserID: 445370	Password: 75599692	AuthIDs [50082]
Role: EMS	UserName: ems56-1	UserID: 445371	Password: 756f7b4a	AuthIDs [1230056]
Role: EMS	UserName: ems56-2	UserID: 445372	Password: c43c2c34	AuthIDs [1230056]
Role: AMBULANCE	UserName: amb56-1	UserID: 445373	Password: 93166652	AuthIDs [50083]
Role: AMBULANCE	UserName: amb56-2	UserID: 445374	Password: 70984200	AuthIDs [50083]
Role: AMBULANCE	UserName: amb56-3	UserID: 445375	Password: 29529065	AuthIDs [50083]
Role: EMS	UserName: ems57-1	UserID: 445376	Password: 2c53e4b7	AuthIDs [1230057]
Role: EMS	UserName: ems57-2	UserID: 445377	Password: 0558d6f1	AuthIDs [1230057]
Role: AMBULANCE	UserName: amb57-1	UserID: 445378	Password: 36906188	AuthIDs [50084]
Role: AMBULANCE	UserName: amb57-2	UserID: 445379	Password: 31839360	AuthIDs [50084]
Role: AMBULANCE	UserName: amb57-3	UserID: 445380	Password: 62917038	AuthIDs [50084]
Role: EMS	UserName: ems58-1	UserID: 445381	Password: c7a2b61b	AuthIDs [1230058]
Role: EMS	UserName: ems58-2	UserID: 445382	Password: 7ccb2620	AuthIDs [1230058]
Role: AMBULANCE	UserName: amb58-1	UserID: 445383	Password: 98175280	AuthIDs [50085]
Role: AMBULANCE	UserName: amb58-2	UserID: 445384	Password: 13509226	AuthIDs [50085]
Role: AMBULANCE	UserName: amb58-3	UserID: 445385	Password: 67064397	AuthIDs [50085]
Role: EMS	UserName: ems59-1	UserID: 445386	Password: 5fe148c4	AuthIDs [1230059]
Role: EMS	UserName: ems59-2	UserID: 445387	Password: 18db40d4	AuthIDs [1230059]
Role: AMBULANCE	UserName: amb59-1	UserID: 445388	Password: 97675011	AuthIDs [50086]
Role: AMBULANCE	UserName: amb59-2	UserID: 445389	Password: 39652632	AuthIDs [50086]
Role: AMBULANCE	UserName: amb59-3	UserID: 445390	Password: 39838752	AuthIDs [50086]
Role: EMS	UserName: ems60-1	UserID: 445391	Password: 6771f1f1	AuthIDs [1230060]
Role: EMS	UserName: ems60-2	UserID: 445392	Password: 7f1fe260	AuthIDs [1230060]
Role: AMBULANCE	UserName: amb60-1	UserID: 445393	Password: 77273467	AuthIDs [50087]
Role: AMBULANCE	UserName: amb60-2	UserID: 445394	Password: 32842494	AuthIDs [50087]
Role: AMBULANCE	UserName: amb60-3	UserID: 445395	Password: 45248179	AuthIDs [50087]
Role: EMS	UserName: ems61-1	UserID: 445396	Password: 53a4c3af	AuthIDs [1230061]
Role: EMS	UserName: ems61-2	UserID: 445397	Password: d25217bf	AuthIDs [1230061]
Role: AMBULANCE	UserName: amb61-1	UserID: 445398	Password: 47686005	AuthIDs [50088]
Role: AMBULANCE	UserName: amb61-2	UserID: 445399	Password: 19378063	AuthIDs [50088]
Role: AMBULANCE	UserName: amb61-3	UserID: 445400	Password: 59372402	AuthIDs [50088]
Role: EMS	UserName: ems62-1	UserID: 445401	Password: f0e3aa4e	AuthIDs [1230062]
Role: EMS	UserName: ems62-2	UserID: 445402	Password: ec12b4e3	AuthIDs [1230062]
Role: AMBULANCE	UserName: amb62-1	UserID: 445403	Password: 82980753	AuthIDs [50089,50090]
Role: AMBULANCE	UserName: amb62-2	UserID: 445404	Password: 33684065	AuthIDs [50089,50090]
Role: AMBULANCE	UserName: amb62-3	UserID: 445405	Password: 78380386	AuthIDs [50089,50090]
Role: AMBULANCE	UserName: amb62-4	UserID: 445406	Password: 18512211	AuthIDs [50089,50090]
Role: EMS	UserName: ems63-1	UserID: 445407	Password: eb45c4a9	AuthIDs [1230063]
Role: EMS	UserName: ems63-2	UserID: 445408	Password: e49dfac6	AuthIDs [1230063]
Role: AMBULANCE	UserName: amb63-1	UserID: 445409	Password: 18713642	AuthIDs [50091]
Role: AMBULANCE	UserName: amb63-2	UserID: 445410	Password: 29209033	AuthIDs [50091]
Role: AMBULANCE	UserName: amb63-3	UserID: 445411	Password: 14233218	AuthIDs [50091]
Role: EMS	UserName: ems64-1	UserID: 445412	Password: a97bcf13	AuthIDs [1230064]
Role: EMS	UserName: ems64-2	UserID: 445413	Password: 9049fe09	AuthIDs [1230064]
Role: AMBULANCE	UserName: amb64-1	UserID: 445414	Password: 28105130	AuthIDs [50092]
Role: AMBULANCE	UserName: amb64-2	UserID: 445415	Password: 11406712	AuthIDs [50092]
Role: AMBULANCE	UserName: amb64-3	UserID: 445416	Password: 78061784	AuthIDs [50092]
Role: EMS	UserName: ems65-1	UserID: 445417	Password: b668b073	AuthIDs [1230065]
Role: EMS	UserName: ems65-2	UserID: 445418	Password: b7bba1d8	AuthIDs [1230065]
Role: AMBULANCE	UserName: amb65-1	UserID: 445419	Password: 32672578	AuthIDs [50093]
Role: AMBULANCE	UserName: amb65-2	UserID: 445420	Password: 51680894	AuthIDs [50093]
Role: AMBULANCE	UserName: amb65-3	UserID: 445421	Password: 28006558	AuthIDs [50093]
Role: EMS	UserName: ems66-1	UserID: 445422	Password: a109edfa	AuthIDs [1230066]
Role: EMS	UserName: ems66-2	UserID: 445423	Password: 71b3ad17	AuthIDs [1230066]
Role: AMBULANCE	UserName: amb66-1	UserID: 445424	Password: 89949748	AuthIDs [50094]
Role: AMBULANCE	UserName: amb66-2	UserID: 445425	Password: 43135242	AuthIDs [50094]
Role: AMBULANCE	UserName: amb66-3	UserID: 445426	Password: 19461114	AuthIDs [50094]
Role: EMS	UserName: ems67-1	UserID: 445427	Password: c7d3524c	AuthIDs [1230067]
Role: EMS	UserName: ems67-2	UserID: 445428	Password: 8d7b6d2f	AuthIDs [1230067]
Role: AMBULANCE	UserName: amb67-1	UserID: 445429	Password: 13723166	AuthIDs [50095]
Role: AMBULANCE	UserName: amb67-2	UserID: 445430	Password: 37252189	AuthIDs [50095]
Role: AMBULANCE	UserName: amb67-3	UserID: 445431	Password: 28631498	AuthIDs [50095]
Role: EMS	UserName: ems68-1	UserID: 445432	Password: 2ebbc4ee	AuthIDs [1230068]
Role: EMS	UserName: ems68-2	UserID: 445433	Password: 869bd9c9	AuthIDs [1230068]
Role: AMBULANCE	UserName: amb68-1	UserID: 445434	Password: 53076266	AuthIDs [50096]
Role: AMBULANCE	UserName: amb68-2	UserID: 445435	Password: 95237070	AuthIDs [50096]
Role: AMBULANCE	UserName: amb68-3	UserID: 445436	Password: 36444471	AuthIDs [50096]
Role: EMS	UserName: ems69-1	UserID: 445437	Password: aac8d4b7	AuthIDs [1230069]
Role: EMS	UserName: ems69-2	UserID: 445438	Password: 303ff73c	AuthIDs [1230069]
Role: AMBULANCE	UserName: amb69-1	UserID: 445439	Password: 94042636	AuthIDs [50097]
Role: AMBULANCE	UserName: amb69-2	UserID: 445440	Password: 18862008	AuthIDs [50097]
Role: AMBULANCE	UserName: amb69-3	UserID: 445441	Password: 12814520	AuthIDs [50097]
Role: EMS	UserName: ems70-1	UserID: 445442	Password: db0161c4	AuthIDs [1230070]
Role: EMS	UserName: ems70-2	UserID: 445443	Password: 5eaae17c	AuthIDs [1230070]
Role: AMBULANCE	UserName: amb70-1	UserID: 445444	Password: 08331155	AuthIDs [50098]
Role: AMBULANCE	UserName: amb70-2	UserID: 445445	Password: 38115873	AuthIDs [50098]
Role: AMBULANCE	UserName: amb70-3	UserID: 445446	Password: 87178033	AuthIDs [50098]
Role: EMS	UserName: ems71-1	UserID: 445447	Password: 45bdf277	AuthIDs [1230071]
Role: EMS	UserName: ems71-2	UserID: 445448	Password: 94dee315	AuthIDs [1230071]
Role: AMBULANCE	UserName: amb71-1	UserID: 445449	Password: 73093110	AuthIDs [50099]
Role: AMBULANCE	UserName: amb71-2	UserID: 445450	Password: 65217568	AuthIDs [50099]
Role: AMBULANCE	UserName: amb71-3	UserID: 445451	Password: 79133047	AuthIDs [50099]
Role: EMS	UserName: ems72-1	UserID: 445452	Password: f326b933	AuthIDs [1230072]
Role: EMS	UserName: ems72-2	UserID: 445453	Password: e8b53236	AuthIDs [1230072]
Role: AMBULANCE	UserName: amb72-1	UserID: 445454	Password: 06907998	AuthIDs [50100]
Role: AMBULANCE	UserName: amb72-2	UserID: 445455	Password: 66202078	AuthIDs [50100]
Role: AMBULANCE	UserName: amb72-3	UserID: 445456	Password: 50552487	AuthIDs [50100]
Role: EMS	UserName: ems73-1	UserID: 445457	Password: ea9f297f	AuthIDs [1230073]
Role: EMS	UserName: ems73-2	UserID: 445458	Password: 43546ced	AuthIDs [1230073]
Role: AMBULANCE	UserName: amb73-1	UserID: 445459	Password: 03755817	AuthIDs [50101]
Role: AMBULANCE	UserName: amb73-2	UserID: 445460	Password: 56536319	AuthIDs [50101]
Role: AMBULANCE	UserName: amb73-3	UserID: 445461	Password: 36293765	AuthIDs [50101]
Role: EMS	UserName: ems74-1	UserID: 445462	Password: 9119d3fa	AuthIDs [1230074]
Role: EMS	UserName: ems74-2	UserID: 445463	Password: ba11c8ea	AuthIDs [1230074]
Role: AMBULANCE	UserName: amb74-1	UserID: 445464	Password: 75632221	AuthIDs [50102]
Role: AMBULANCE	UserName: amb74-2	UserID: 445465	Password: 58761652	AuthIDs [50102]
Role: AMBULANCE	UserName: amb74-3	UserID: 445466	Password: 07618725	AuthIDs [50102]
Role: EMS	UserName: ems75-1	UserID: 445467	Password: 0bffea78	AuthIDs [1230075]
Role: EMS	UserName: ems75-2	UserID: 445468	Password: 82309960	AuthIDs [1230075]
Role: AMBULANCE	UserName: amb75-1	UserID: 445469	Password: 17412745	AuthIDs [50103]
Role: AMBULANCE	UserName: amb75-2	UserID: 445470	Password: 41475930	AuthIDs [50103]
Role: AMBULANCE	UserName: amb75-3	UserID: 445471	Password: 61313542	AuthIDs [50103]
Role: EMS	UserName: ems76-1	UserID: 445472	Password: 6cfd4e84	AuthIDs [1230076]
Role: EMS	UserName: ems76-2	UserID: 445473	Password: 97c34e47	AuthIDs [1230076]
Role: AMBULANCE	UserName: amb76-1	UserID: 445474	Password: 88087931	AuthIDs [50104]
Role: AMBULANCE	UserName: amb76-2	UserID: 445475	Password: 93458699	AuthIDs [50104]
Role: AMBULANCE	UserName: amb76-3	UserID: 445476	Password: 50943076	AuthIDs [50104]
Role: EMS	UserName: ems77-1	UserID: 445477	Password: 01a5695c	AuthIDs [1230077]
Role: EMS	UserName: ems77-2	UserID: 445478	Password: e07d0b22	AuthIDs [1230077]
Role: AMBULANCE	UserName: amb77-1	UserID: 445479	Password: 51072285	AuthIDs [50105,50106]
Role: AMBULANCE	UserName: amb77-2	UserID: 445480	Password: 82686653	AuthIDs [50105,50106]
Role: AMBULANCE	UserName: amb77-3	UserID: 445481	Password: 37942764	AuthIDs [50105,50106]
Role: AMBULANCE	UserName: amb77-4	UserID: 445482	Password: 72038546	AuthIDs [50105,50106]
Role: EMS	UserName: ems78-1	UserID: 445483	Password: d3fa77b2	AuthIDs [1230078]
Role: EMS	UserName: ems78-2	UserID: 445484	Password: 21d6b26d	AuthIDs [1230078]
Role: AMBULANCE	UserName: amb78-1	UserID: 445485	Password: 09587974	AuthIDs [50107]
Role: AMBULANCE	UserName: amb78-2	UserID: 445486	Password: 10926821	AuthIDs [50107]
Role: AMBULANCE	UserName: amb78-3	UserID: 445487	Password: 17452012	AuthIDs [50107]
Role: EMS	UserName: ems79-1	UserID: 445488	Password: f1db2561	AuthIDs [1230079]
Role: EMS	UserName: ems79-2	UserID: 445489	Password: ec2f8379	AuthIDs [1230079]
Role: AMBULANCE	UserName: amb79-1	UserID: 445490	Password: 96519276	AuthIDs [50108]
Role: AMBULANCE	UserName: amb79-2	UserID: 445491	Password: 33021029	AuthIDs [50108]
Role: AMBULANCE	UserName: amb79-3	UserID: 445492	Password: 00797767	AuthIDs [50108]
Role: EMS	UserName: ems80-1	UserID: 445493	Password: 03db2b50	AuthIDs [1230080]
Role: EMS	UserName: ems80-2	UserID: 445494	Password: 0f28801f	AuthIDs [1230080]
Role: AMBULANCE	UserName: amb80-1	UserID: 445495	Password: 63784903	AuthIDs [50109,50110]
Role: AMBULANCE	UserName: amb80-2	UserID: 445496	Password: 42469058	AuthIDs [50109,50110]
Role: AMBULANCE	UserName: amb80-3	UserID: 445497	Password: 02992666	AuthIDs [50109,50110]
Role: AMBULANCE	UserName: amb80-4	UserID: 445498	Password: 03859341	AuthIDs [50109,50110]
Role: EMS	UserName: ems81-1	UserID: 445499	Password: f802086f	AuthIDs [1230081]
Role: EMS	UserName: ems81-2	UserID: 445500	Password: 0fdeafa5	AuthIDs [1230081]
Role: AMBULANCE	UserName: amb81-1	UserID: 445501	Password: 30011403	AuthIDs [50111]
Role: AMBULANCE	UserName: amb81-2	UserID: 445502	Password: 16773895	AuthIDs [50111]
Role: AMBULANCE	UserName: amb81-3	UserID: 445503	Password: 25034779	AuthIDs [50111]
Role: EMS	UserName: ems82-1	UserID: 445504	Password: 8c7b6d35	AuthIDs [1230082]
Role: EMS	UserName: ems82-2	UserID: 445505	Password: 3f60bef1	AuthIDs [1230082]
Role: AMBULANCE	UserName: amb82-1	UserID: 445506	Password: 92246846	AuthIDs [50112,50113]
Role: AMBULANCE	UserName: amb82-2	UserID: 445507	Password: 91369620	AuthIDs [50112,50113]
Role: AMBULANCE	UserName: amb82-3	UserID: 445508	Password: 00069266	AuthIDs [50112,50113]
Role: AMBULANCE	UserName: amb82-4	UserID: 445509	Password: 05267669	AuthIDs [50112,50113]
Role: EMS	UserName: ems83-1	UserID: 445510	Password: 9d5f49a3	AuthIDs [1230083]
Role: EMS	UserName: ems83-2	UserID: 445511	Password: 4bff448f	AuthIDs [1230083]
Role: AMBULANCE	UserName: amb83-1	UserID: 445512	Password: 15877511	AuthIDs [50114]
Role: AMBULANCE	UserName: amb83-2	UserID: 445513	Password: 84083038	AuthIDs [50114]
Role: AMBULANCE	UserName: amb83-3	UserID: 445514	Password: 13049937	AuthIDs [50114]
Role: EMS	UserName: ems84-1	UserID: 445515	Password: 261315af	AuthIDs [1230084]
Role: EMS	UserName: ems84-2	UserID: 445516	Password: 601cf4cf	AuthIDs [1230084]
Role: AMBULANCE	UserName: amb84-1	UserID: 445517	Password: 58820646	AuthIDs [50115]
Role: AMBULANCE	UserName: amb84-2	UserID: 445518	Password: 06086980	AuthIDs [50115]
Role: AMBULANCE	UserName: amb84-3	UserID: 445519	Password: 32945431	AuthIDs [50115]
Role: EMS	UserName: ems85-1	UserID: 445520	Password: 5cb1c63f	AuthIDs [1230085]
Role: EMS	UserName: ems85-2	UserID: 445521	Password: 58c274c8	AuthIDs [1230085]
Role: AMBULANCE	UserName: amb85-1	UserID: 445522	Password: 99537070	AuthIDs [50116]
Role: AMBULANCE	UserName: amb85-2	UserID: 445523	Password: 89225662	AuthIDs [50116]
Role: AMBULANCE	UserName: amb85-3	UserID: 445524	Password: 70794784	AuthIDs [50116]
Role: EMS	UserName: ems86-1	UserID: 445525	Password: 6fafe992	AuthIDs [1230086]
Role: EMS	UserName: ems86-2	UserID: 445526	Password: 5f418adf	AuthIDs [1230086]
Role: AMBULANCE	UserName: amb86-1	UserID: 445527	Password: 32357061	AuthIDs [50117]
Role: AMBULANCE	UserName: amb86-2	UserID: 445528	Password: 91054233	AuthIDs [50117]
Role: AMBULANCE	UserName: amb86-3	UserID: 445529	Password: 03521667	AuthIDs [50117]
Role: EMS	UserName: ems87-1	UserID: 445530	Password: 7b2ab9fa	AuthIDs [1230087]
Role: EMS	UserName: ems87-2	UserID: 445531	Password: 5a0e8a02	AuthIDs [1230087]
Role: AMBULANCE	UserName: amb87-1	UserID: 445532	Password: 01164743	AuthIDs [50118]
Role: AMBULANCE	UserName: amb87-2	UserID: 445533	Password: 67727490	AuthIDs [50118]
Role: AMBULANCE	UserName: amb87-3	UserID: 445534	Password: 24302919	AuthIDs [50118]
Role: EMS	UserName: ems88-1	UserID: 445535	Password: c2da9bc1	AuthIDs [1230088]
Role: EMS	UserName: ems88-2	UserID: 445536	Password: 2c3093ea	AuthIDs [1230088]
Role: AMBULANCE	UserName: amb88-1	UserID: 445537	Password: 01999447	AuthIDs [50119,50120]
Role: AMBULANCE	UserName: amb88-2	UserID: 445538	Password: 41257179	AuthIDs [50119,50120]
Role: AMBULANCE	UserName: amb88-3	UserID: 445539	Password: 80831290	AuthIDs [50119,50120]
Role: AMBULANCE	UserName: amb88-4	UserID: 445540	Password: 84192384	AuthIDs [50119,50120]
Role: EMS	UserName: ems89-1	UserID: 445541	Password: 75d20cbb	AuthIDs [1230089]
Role: EMS	UserName: ems89-2	UserID: 445542	Password: a86381c5	AuthIDs [1230089]
Role: AMBULANCE	UserName: amb89-1	UserID: 445543	Password: 59701307	AuthIDs [50121]
Role: AMBULANCE	UserName: amb89-2	UserID: 445544	Password: 27617707	AuthIDs [50121]
Role: AMBULANCE	UserName: amb89-3	UserID: 445545	Password: 56392892	AuthIDs [50121]
Role: EMS	UserName: ems90-1	UserID: 445546	Password: 900df0f7	AuthIDs [1230090]
Role: EMS	UserName: ems90-2	UserID: 445547	Password: ed32e671	AuthIDs [1230090]
Role: AMBULANCE	UserName: amb90-1	UserID: 445548	Password: 86033294	AuthIDs [50122]
Role: AMBULANCE	UserName: amb90-2	UserID: 445549	Password: 98029261	AuthIDs [50122]
Role: AMBULANCE	UserName: amb90-3	UserID: 445550	Password: 77800357	AuthIDs [50122]
Role: EMS	UserName: ems91-1	UserID: 445551	Password: 02e39d79	AuthIDs [1230091]
Role: EMS	UserName: ems91-2	UserID: 445552	Password: 4d10c99c	AuthIDs [1230091]
Role: AMBULANCE	UserName: amb91-1	UserID: 445553	Password: 36562695	AuthIDs [50123]
Role: AMBULANCE	UserName: amb91-2	UserID: 445554	Password: 11165989	AuthIDs [50123]
Role: AMBULANCE	UserName: amb91-3	UserID: 445555	Password: 43018025	AuthIDs [50123]
Role: EMS	UserName: ems92-1	UserID: 445556	Password: 1cbc9038	AuthIDs [1230092]
Role: EMS	UserName: ems92-2	UserID: 445557	Password: c699efa2	AuthIDs [1230092]
Role: AMBULANCE	UserName: amb92-1	UserID: 445558	Password: 45509611	AuthIDs [50124]
Role: AMBULANCE	UserName: amb92-2	UserID: 445559	Password: 24693049	AuthIDs [50124]
Role: AMBULANCE	UserName: amb92-3	UserID: 445560	Password: 44970486	AuthIDs [50124]
Role: EMS	UserName: ems93-1	UserID: 445561	Password: d11016ea	AuthIDs [1230093]
Role: EMS	UserName: ems93-2	UserID: 445562	Password: f561b4d7	AuthIDs [1230093]
Role: AMBULANCE	UserName: amb93-1	UserID: 445563	Password: 90890936	AuthIDs [50125]
Role: AMBULANCE	UserName: amb93-2	UserID: 445564	Password: 58077322	AuthIDs [50125]
Role: AMBULANCE	UserName: amb93-3	UserID: 445565	Password: 48589551	AuthIDs [50125]
Role: EMS	UserName: ems94-1	UserID: 445566	Password: 1dfbb00b	AuthIDs [1230094]
Role: EMS	UserName: ems94-2	UserID: 445567	Password: 38bbedf1	AuthIDs [1230094]
Role: AMBULANCE	UserName: amb94-1	UserID: 445568	Password: 32520314	AuthIDs [50126]
Role: AMBULANCE	UserName: amb94-2	UserID: 445569	Password: 45451381	AuthIDs [50126]
Role: AMBULANCE	UserName: amb94-3	UserID: 445570	Password: 42354819	AuthIDs [50126]
Role: DISPATCH	UserName: dispatch-1	UserID: 445571	Password: e87706d2	AuthIDs []
Role: DISPATCH	UserName: dispatch-2	UserID: 445572	Password: 295b3378	AuthIDs []
Role: SUPER	UserName: superuser-1	UserID: 445573	Password: 4af32104	AuthIDs []
Role: SUPER	UserName: superuser-2	UserID: 445574	Password: 52bad6a0	AuthIDs []
